\BOOKMARK [0][-]{chapter.1}{\376\377\000T\000h\000e\000\040\000Q\000M\000A\000S\000T\000\040\000A\000l\000p\000h\000a\000\040\0006\000\040\000S\000a\000i\000l\000i\000n\000g\000\040\000C\000o\000d\000e}{}% 1
\BOOKMARK [0][-]{chapter.2}{\376\377\000M\000o\000d\000u\000l\000e\000\040\000I\000n\000d\000e\000x}{}% 2
\BOOKMARK [1][-]{section.2.1}{\376\377\000M\000o\000d\000u\000l\000e\000s}{chapter.2}% 3
\BOOKMARK [0][-]{chapter.3}{\376\377\000D\000a\000t\000a\000\040\000S\000t\000r\000u\000c\000t\000u\000r\000e\000\040\000I\000n\000d\000e\000x}{}% 4
\BOOKMARK [1][-]{section.3.1}{\376\377\000D\000a\000t\000a\000\040\000S\000t\000r\000u\000c\000t\000u\000r\000e\000s}{chapter.3}% 5
\BOOKMARK [0][-]{chapter.4}{\376\377\000F\000i\000l\000e\000\040\000I\000n\000d\000e\000x}{}% 6
\BOOKMARK [1][-]{section.4.1}{\376\377\000F\000i\000l\000e\000\040\000L\000i\000s\000t}{chapter.4}% 7
\BOOKMARK [0][-]{chapter.5}{\376\377\000M\000o\000d\000u\000l\000e\000\040\000D\000o\000c\000u\000m\000e\000n\000t\000a\000t\000i\000o\000n}{}% 8
\BOOKMARK [1][-]{section.5.1}{\376\377\000G\000l\000o\000b\000a\000l\000c\000o\000n\000s\000t\000a\000n\000t\000s}{chapter.5}% 9
\BOOKMARK [2][-]{subsection.5.1.1}{\376\377\000D\000e\000t\000a\000i\000l\000e\000d\000\040\000D\000e\000s\000c\000r\000i\000p\000t\000i\000o\000n}{section.5.1}% 10
\BOOKMARK [2][-]{subsection.5.1.2}{\376\377\000D\000e\000f\000i\000n\000e\000\040\000D\000o\000c\000u\000m\000e\000n\000t\000a\000t\000i\000o\000n}{section.5.1}% 11
\BOOKMARK [3][-]{subsubsection.5.1.2.1}{\376\377\000A\000L\000L\000\137\000I\000N}{subsection.5.1.2}% 12
\BOOKMARK [3][-]{subsubsection.5.1.2.2}{\376\377\000A\000L\000L\000\137\000O\000U\000T}{subsection.5.1.2}% 13
\BOOKMARK [3][-]{subsubsection.5.1.2.3}{\376\377\000b\000a\000d\000C\000o\000m\000p\000a\000s\000s\000D\000a\000t\000a\000B\000i\000t}{subsection.5.1.2}% 14
\BOOKMARK [3][-]{subsubsection.5.1.2.4}{\376\377\000b\000a\000d\000G\000p\000s\000D\000a\000t\000a}{subsection.5.1.2}% 15
\BOOKMARK [3][-]{subsubsection.5.1.2.5}{\376\377\000b\000a\000d\000W\000i\000n\000d\000D\000a\000t\000a}{subsection.5.1.2}% 16
\BOOKMARK [3][-]{subsubsection.5.1.2.6}{\376\377\000B\000U\000F\000F\000\137\000M\000A\000X}{subsection.5.1.2}% 17
\BOOKMARK [3][-]{subsubsection.5.1.2.7}{\376\377\000c\000h\000e\000c\000k\000s\000u\000m\000B\000a\000d\000B\000i\000t}{subsection.5.1.2}% 18
\BOOKMARK [3][-]{subsubsection.5.1.2.8}{\376\377\000D\000E\000G\000R\000E\000E\000\137\000T\000O\000\137\000M\000I\000N\000U\000T\000E}{subsection.5.1.2}% 19
\BOOKMARK [3][-]{subsubsection.5.1.2.9}{\376\377\000L\000A\000T\000I\000T\000U\000D\000E\000\137\000T\000O\000\137\000M\000E\000T\000E\000R}{subsection.5.1.2}% 20
\BOOKMARK [3][-]{subsubsection.5.1.2.10}{\376\377\000L\000O\000N\000G\000E\000S\000T\000\137\000N\000M\000E\000A}{subsection.5.1.2}% 21
\BOOKMARK [3][-]{subsubsection.5.1.2.11}{\376\377\000L\000O\000N\000G\000I\000T\000U\000D\000E\000\137\000T\000O\000\137\000M\000E\000T\000E\000R}{subsection.5.1.2}% 22
\BOOKMARK [3][-]{subsubsection.5.1.2.12}{\376\377\000M\000A\000R\000K\000\137\000D\000I\000S\000T\000A\000N\000C\000E}{subsection.5.1.2}% 23
\BOOKMARK [3][-]{subsubsection.5.1.2.13}{\376\377\000n\000o\000D\000a\000t\000a\000B\000i\000t}{subsection.5.1.2}% 24
\BOOKMARK [3][-]{subsubsection.5.1.2.14}{\376\377\000o\000l\000d\000D\000a\000t\000a\000B\000i\000t}{subsection.5.1.2}% 25
\BOOKMARK [3][-]{subsubsection.5.1.2.15}{\376\377\000r\000e\000s\000e\000t\000P\000i\000n}{subsection.5.1.2}% 26
\BOOKMARK [3][-]{subsubsection.5.1.2.16}{\376\377\000r\000o\000l\000l\000o\000v\000e\000r\000D\000a\000t\000a\000B\000i\000t}{subsection.5.1.2}% 27
\BOOKMARK [3][-]{subsubsection.5.1.2.17}{\376\377\000S\000H\000O\000R\000T\000E\000S\000T\000\137\000N\000M\000E\000A}{subsection.5.1.2}% 28
\BOOKMARK [3][-]{subsubsection.5.1.2.18}{\376\377\000S\000T\000A\000T\000I\000O\000N\000\137\000K\000E\000E\000P\000I\000N\000G\000\137\000R\000A\000D\000I\000U\000S}{subsection.5.1.2}% 29
\BOOKMARK [3][-]{subsubsection.5.1.2.19}{\376\377\000T\000A\000C\000K\000I\000N\000G\000\137\000A\000N\000G\000L\000E}{subsection.5.1.2}% 30
\BOOKMARK [3][-]{subsubsection.5.1.2.20}{\376\377\000t\000o\000o\000M\000u\000c\000h\000R\000o\000l\000l\000B\000i\000t}{subsection.5.1.2}% 31
\BOOKMARK [3][-]{subsubsection.5.1.2.21}{\376\377\000t\000w\000o\000C\000o\000m\000m\000a\000s\000B\000i\000t}{subsection.5.1.2}% 32
\BOOKMARK [3][-]{subsubsection.5.1.2.22}{\376\377\000t\000x\000P\000i\000n}{subsection.5.1.2}% 33
\BOOKMARK [3][-]{subsubsection.5.1.2.23}{\376\377\000W\000I\000N\000D\000\137\000C\000H\000A\000N\000G\000E\000\137\000T\000H\000R\000E\000S\000H\000O\000L\000D}{subsection.5.1.2}% 34
\BOOKMARK [1][-]{section.5.2}{\376\377\000S\000e\000r\000i\000a\000l\000D\000a\000t\000a}{chapter.5}% 35
\BOOKMARK [2][-]{subsection.5.2.1}{\376\377\000D\000e\000t\000a\000i\000l\000e\000d\000\040\000D\000e\000s\000c\000r\000i\000p\000t\000i\000o\000n}{section.5.2}% 36
\BOOKMARK [2][-]{subsection.5.2.2}{\376\377\000V\000a\000r\000i\000a\000b\000l\000e\000\040\000D\000o\000c\000u\000m\000e\000n\000t\000a\000t\000i\000o\000n}{section.5.2}% 37
\BOOKMARK [3][-]{subsubsection.5.2.2.1}{\376\377\000b\000s\000p\000e\000e\000d}{subsection.5.2.2}% 38
\BOOKMARK [3][-]{subsubsection.5.2.2.2}{\376\377\000b\000s\000p\000e\000e\000d\000k}{subsection.5.2.2}% 39
\BOOKMARK [3][-]{subsubsection.5.2.2.3}{\376\377\000c\000u\000r\000r\000e\000n\000t\000P\000o\000i\000n\000t}{subsection.5.2.2}% 40
\BOOKMARK [3][-]{subsubsection.5.2.2.4}{\376\377\000C\000u\000r\000r\000e\000n\000t\000S\000e\000l\000e\000c\000t\000i\000o\000n}{subsection.5.2.2}% 41
\BOOKMARK [3][-]{subsubsection.5.2.2.5}{\376\377\000d\000e\000v\000i\000a\000t\000i\000o\000n}{subsection.5.2.2}% 42
\BOOKMARK [3][-]{subsubsection.5.2.2.6}{\376\377\000d\000i\000s\000t\000a\000n\000c\000e\000V\000a\000l}{subsection.5.2.2}% 43
\BOOKMARK [3][-]{subsubsection.5.2.2.7}{\376\377\000e\000r\000r\000o\000r\000C\000o\000d\000e}{subsection.5.2.2}% 44
\BOOKMARK [3][-]{subsubsection.5.2.2.8}{\376\377\000e\000x\000t\000r\000a\000C\000o\000m\000p\000a\000s\000s\000D\000a\000t\000a}{subsection.5.2.2}% 45
\BOOKMARK [3][-]{subsubsection.5.2.2.9}{\376\377\000e\000x\000t\000r\000a\000C\000o\000m\000p\000a\000s\000s\000D\000a\000t\000a\000A\000r\000r\000a\000y}{subsection.5.2.2}% 46
\BOOKMARK [3][-]{subsubsection.5.2.2.10}{\376\377\000e\000x\000t\000r\000a\000W\000i\000n\000d\000D\000a\000t\000a}{subsection.5.2.2}% 47
\BOOKMARK [3][-]{subsubsection.5.2.2.11}{\376\377\000e\000x\000t\000r\000a\000W\000i\000n\000d\000D\000a\000t\000a\000A\000r\000r\000a\000y}{subsection.5.2.2}% 48
\BOOKMARK [3][-]{subsubsection.5.2.2.12}{\376\377\000h\000e\000a\000d\000i\000n\000g}{subsection.5.2.2}% 49
\BOOKMARK [3][-]{subsubsection.5.2.2.13}{\376\377\000h\000e\000a\000d\000i\000n\000g\000\137\000n\000e\000w\000e\000s\000t}{subsection.5.2.2}% 50
\BOOKMARK [3][-]{subsubsection.5.2.2.14}{\376\377\000h\000e\000a\000d\000i\000n\000g\000c}{subsection.5.2.2}% 51
\BOOKMARK [3][-]{subsubsection.5.2.2.15}{\376\377\000h\000e\000a\000d\000i\000n\000g\000V\000a\000l}{subsection.5.2.2}% 52
\BOOKMARK [3][-]{subsubsection.5.2.2.16}{\376\377\000i\000r\000o\000n\000T\000i\000m\000e}{subsection.5.2.2}% 53
\BOOKMARK [3][-]{subsubsection.5.2.2.17}{\376\377\000j\000i\000b\000V\000a\000l}{subsection.5.2.2}% 54
\BOOKMARK [3][-]{subsubsection.5.2.2.18}{\376\377\000m\000a\000i\000n\000V\000a\000l}{subsection.5.2.2}% 55
\BOOKMARK [3][-]{subsubsection.5.2.2.19}{\376\377\000p\000i\000t\000c\000h}{subsection.5.2.2}% 56
\BOOKMARK [3][-]{subsubsection.5.2.2.20}{\376\377\000p\000o\000i\000n\000t}{subsection.5.2.2}% 57
\BOOKMARK [3][-]{subsubsection.5.2.2.21}{\376\377\000p\000o\000i\000n\000t\000s}{subsection.5.2.2}% 58
\BOOKMARK [3][-]{subsubsection.5.2.2.22}{\376\377\000r\000o\000l\000l}{subsection.5.2.2}% 59
\BOOKMARK [3][-]{subsubsection.5.2.2.23}{\376\377\000r\000u\000d\000d\000e\000r\000D\000i\000r}{subsection.5.2.2}% 60
\BOOKMARK [3][-]{subsubsection.5.2.2.24}{\376\377\000r\000u\000d\000d\000e\000r\000V\000a\000l}{subsection.5.2.2}% 61
\BOOKMARK [3][-]{subsubsection.5.2.2.25}{\376\377\000s\000a\000v\000e\000d\000C\000o\000m\000p\000a\000s\000s\000C\000h\000e\000c\000k\000s\000u\000m}{subsection.5.2.2}% 62
\BOOKMARK [3][-]{subsubsection.5.2.2.26}{\376\377\000s\000a\000v\000e\000d\000C\000o\000m\000p\000a\000s\000s\000X\000o\000r\000S\000t\000a\000t\000e}{subsection.5.2.2}% 63
\BOOKMARK [3][-]{subsubsection.5.2.2.27}{\376\377\000s\000a\000v\000e\000d\000W\000i\000n\000d\000C\000h\000e\000c\000k\000s\000u\000m}{subsection.5.2.2}% 64
\BOOKMARK [3][-]{subsubsection.5.2.2.28}{\376\377\000s\000a\000v\000e\000d\000W\000i\000n\000d\000X\000o\000r\000S\000t\000a\000t\000e}{subsection.5.2.2}% 65
\BOOKMARK [3][-]{subsubsection.5.2.2.29}{\376\377\000s\000e\000r\000v\000o\000\137\000s\000e\000r}{subsection.5.2.2}% 66
\BOOKMARK [3][-]{subsubsection.5.2.2.30}{\376\377\000s\000t\000a\000r\000t\000T\000i\000m\000e}{subsection.5.2.2}% 67
\BOOKMARK [3][-]{subsubsection.5.2.2.31}{\376\377\000s\000t\000a\000t\000i\000o\000n\000C\000o\000u\000n\000t\000e\000r}{subsection.5.2.2}% 68
\BOOKMARK [3][-]{subsubsection.5.2.2.32}{\376\377\000S\000t\000a\000t\000i\000o\000n\000K\000e\000e\000p\000i\000n\000g\000T\000i\000m\000e\000I\000n\000B\000o\000x}{subsection.5.2.2}% 69
\BOOKMARK [3][-]{subsubsection.5.2.2.33}{\376\377\000S\000t\000r\000a\000i\000g\000h\000t\000S\000a\000i\000l\000D\000i\000r\000e\000c\000t\000i\000o\000n}{subsection.5.2.2}% 70
\BOOKMARK [3][-]{subsubsection.5.2.2.34}{\376\377\000t\000a\000c\000k\000i\000n\000g}{subsection.5.2.2}% 71
\BOOKMARK [3][-]{subsubsection.5.2.2.35}{\376\377\000t\000a\000c\000k\000i\000n\000g\000S\000i\000d\000e}{subsection.5.2.2}% 72
\BOOKMARK [3][-]{subsubsection.5.2.2.36}{\376\377\000t\000i\000m\000e\000s\000U\000p}{subsection.5.2.2}% 73
\BOOKMARK [3][-]{subsubsection.5.2.2.37}{\376\377\000t\000r\000u\000e\000W\000i\000n\000d}{subsection.5.2.2}% 74
\BOOKMARK [3][-]{subsubsection.5.2.2.38}{\376\377\000v\000a\000r\000i\000a\000n\000c\000e}{subsection.5.2.2}% 75
\BOOKMARK [3][-]{subsubsection.5.2.2.39}{\376\377\000w\000i\000n\000d\000\137\000a\000n\000g\000l}{subsection.5.2.2}% 76
\BOOKMARK [3][-]{subsubsection.5.2.2.40}{\376\377\000w\000i\000n\000d\000\137\000a\000n\000g\000l\000\137\000n\000e\000w\000e\000s\000t}{subsection.5.2.2}% 77
\BOOKMARK [3][-]{subsubsection.5.2.2.41}{\376\377\000w\000i\000n\000d\000\137\000v\000e\000l\000o\000c\000i\000t\000y}{subsection.5.2.2}% 78
\BOOKMARK [0][-]{chapter.6}{\376\377\000D\000a\000t\000a\000\040\000S\000t\000r\000u\000c\000t\000u\000r\000e\000\040\000D\000o\000c\000u\000m\000e\000n\000t\000a\000t\000i\000o\000n}{}% 79
\BOOKMARK [1][-]{section.6.1}{\376\377\000p\000o\000i\000n\000t\000s\000\040\000S\000t\000r\000u\000c\000t\000\040\000R\000e\000f\000e\000r\000e\000n\000c\000e}{chapter.6}% 80
\BOOKMARK [2][-]{subsection.6.1.1}{\376\377\000D\000e\000t\000a\000i\000l\000e\000d\000\040\000D\000e\000s\000c\000r\000i\000p\000t\000i\000o\000n}{section.6.1}% 81
\BOOKMARK [2][-]{subsection.6.1.2}{\376\377\000F\000i\000e\000l\000d\000\040\000D\000o\000c\000u\000m\000e\000n\000t\000a\000t\000i\000o\000n}{section.6.1}% 82
\BOOKMARK [3][-]{subsubsection.6.1.2.1}{\376\377\000l\000a\000t\000D\000e\000g}{subsection.6.1.2}% 83
\BOOKMARK [3][-]{subsubsection.6.1.2.2}{\376\377\000l\000a\000t\000M\000i\000n}{subsection.6.1.2}% 84
\BOOKMARK [3][-]{subsubsection.6.1.2.3}{\376\377\000l\000o\000n\000D\000e\000g}{subsection.6.1.2}% 85
\BOOKMARK [3][-]{subsubsection.6.1.2.4}{\376\377\000l\000o\000n\000M\000i\000n}{subsection.6.1.2}% 86
\BOOKMARK [0][-]{chapter.7}{\376\377\000F\000i\000l\000e\000\040\000D\000o\000c\000u\000m\000e\000n\000t\000a\000t\000i\000o\000n}{}% 87
\BOOKMARK [1][-]{section.7.1}{\376\377\000/\000U\000s\000e\000r\000s\000/\000a\000l\000l\000g\000o\000o\000d\0003\0008\000/\000D\000e\000s\000k\000t\000o\000p\000/\000q\000m\000a\000s\000t\000/\000s\000a\000i\000l\000c\000o\000d\000e\000\137\000a\000l\000p\000h\000a\0006\000/\000D\000a\000t\000a\000A\000c\000q\000u\000i\000s\000i\000t\000i\000o\000n\000.\000p\000d\000e\000\040\000F\000i\000l\000e\000\040\000R\000e\000f\000e\000r\000e\000n\000c\000e}{chapter.7}% 88
\BOOKMARK [2][-]{subsection.7.1.1}{\376\377\000F\000u\000n\000c\000t\000i\000o\000n\000\040\000D\000o\000c\000u\000m\000e\000n\000t\000a\000t\000i\000o\000n}{section.7.1}% 89
\BOOKMARK [3][-]{subsubsection.7.1.1.1}{\376\377\000c\000h\000e\000c\000k\000E\000r\000r\000o\000r\000B\000i\000t}{subsection.7.1.1}% 90
\BOOKMARK [3][-]{subsubsection.7.1.1.2}{\376\377\000c\000l\000e\000a\000r\000E\000r\000r\000o\000r\000B\000i\000t}{subsection.7.1.1}% 91
\BOOKMARK [3][-]{subsubsection.7.1.1.3}{\376\377\000s\000e\000n\000s\000o\000r\000D\000a\000t\000a}{subsection.7.1.1}% 92
\BOOKMARK [3][-]{subsubsection.7.1.1.4}{\376\377\000s\000e\000t\000E\000r\000r\000o\000r\000B\000i\000t}{subsection.7.1.1}% 93
\BOOKMARK [1][-]{section.7.2}{\376\377\000/\000U\000s\000e\000r\000s\000/\000a\000l\000l\000g\000o\000o\000d\0003\0008\000/\000D\000e\000s\000k\000t\000o\000p\000/\000q\000m\000a\000s\000t\000/\000s\000a\000i\000l\000c\000o\000d\000e\000\137\000a\000l\000p\000h\000a\0006\000/\000L\000o\000c\000a\000t\000i\000o\000n\000S\000t\000r\000u\000c\000t\000.\000h\000\040\000F\000i\000l\000e\000\040\000R\000e\000f\000e\000r\000e\000n\000c\000e}{chapter.7}% 94
\BOOKMARK [2][-]{subsection.7.2.1}{\376\377\000V\000a\000r\000i\000a\000b\000l\000e\000\040\000D\000o\000c\000u\000m\000e\000n\000t\000a\000t\000i\000o\000n}{section.7.2}% 95
\BOOKMARK [3][-]{subsubsection.7.2.1.1}{\376\377\000b\000o\000a\000t\000L\000o\000c\000a\000t\000i\000o\000n}{subsection.7.2.1}% 96
\BOOKMARK [3][-]{subsubsection.7.2.1.2}{\376\377\000c\000l\000e\000a\000r\000P\000o\000i\000n\000t\000s}{subsection.7.2.1}% 97
\BOOKMARK [3][-]{subsubsection.7.2.1.3}{\376\377\000c\000o\000u\000r\000s\000e\000P\000o\000i\000n\000t\000s}{subsection.7.2.1}% 98
\BOOKMARK [3][-]{subsubsection.7.2.1.4}{\376\377\000f\000l\000o\000a\000t\000i\000n\000g\000S\000t\000a\000t\000i\000o\000n\000P\000o\000i\000n\000t\000s}{subsection.7.2.1}% 99
\BOOKMARK [3][-]{subsubsection.7.2.1.5}{\376\377\000s\000t\000a\000t\000i\000o\000n\000P\000o\000i\000n\000t\000s}{subsection.7.2.1}% 100
\BOOKMARK [3][-]{subsubsection.7.2.1.6}{\376\377\000s\000t\000a\000y\000P\000o\000i\000n\000t}{subsection.7.2.1}% 101
\BOOKMARK [3][-]{subsubsection.7.2.1.7}{\376\377\000w\000a\000y\000p\000o\000i\000n\000t\000s}{subsection.7.2.1}% 102
\BOOKMARK [1][-]{section.7.3}{\376\377\000/\000U\000s\000e\000r\000s\000/\000a\000l\000l\000g\000o\000o\000d\0003\0008\000/\000D\000e\000s\000k\000t\000o\000p\000/\000q\000m\000a\000s\000t\000/\000s\000a\000i\000l\000c\000o\000d\000e\000\137\000a\000l\000p\000h\000a\0006\000/\000M\000e\000n\000u\000.\000p\000d\000e\000\040\000F\000i\000l\000e\000\040\000R\000e\000f\000e\000r\000e\000n\000c\000e}{chapter.7}% 103
\BOOKMARK [2][-]{subsection.7.3.1}{\376\377\000F\000u\000n\000c\000t\000i\000o\000n\000\040\000D\000o\000c\000u\000m\000e\000n\000t\000a\000t\000i\000o\000n}{section.7.3}% 104
\BOOKMARK [3][-]{subsubsection.7.3.1.1}{\376\377\000d\000i\000s\000p\000l\000a\000y\000M\000e\000n\000u}{subsection.7.3.1}% 105
\BOOKMARK [1][-]{section.7.4}{\376\377\000/\000U\000s\000e\000r\000s\000/\000a\000l\000l\000g\000o\000o\000d\0003\0008\000/\000D\000e\000s\000k\000t\000o\000p\000/\000q\000m\000a\000s\000t\000/\000s\000a\000i\000l\000c\000o\000d\000e\000\137\000a\000l\000p\000h\000a\0006\000/\000M\000o\000t\000o\000r\000C\000o\000n\000t\000r\000o\000l\000F\000u\000n\000c\000t\000i\000o\000n\000s\000.\000p\000d\000e\000\040\000F\000i\000l\000e\000\040\000R\000e\000f\000e\000r\000e\000n\000c\000e}{chapter.7}% 106
\BOOKMARK [2][-]{subsection.7.4.1}{\376\377\000F\000u\000n\000c\000t\000i\000o\000n\000\040\000D\000o\000c\000u\000m\000e\000n\000t\000a\000t\000i\000o\000n}{section.7.4}% 107
\BOOKMARK [3][-]{subsubsection.7.4.1.1}{\376\377\000s\000e\000r\000v\000o\000\137\000c\000o\000m\000m\000a\000n\000d}{subsection.7.4.1}% 108
\BOOKMARK [3][-]{subsubsection.7.4.1.2}{\376\377\000s\000e\000t\000J\000i\000b}{subsection.7.4.1}% 109
\BOOKMARK [3][-]{subsubsection.7.4.1.3}{\376\377\000s\000e\000t\000M\000a\000i\000n}{subsection.7.4.1}% 110
\BOOKMARK [3][-]{subsubsection.7.4.1.4}{\376\377\000s\000e\000t\000r\000u\000d\000d\000e\000r}{subsection.7.4.1}% 111
\BOOKMARK [3][-]{subsubsection.7.4.1.5}{\376\377\000s\000e\000t\000S\000a\000i\000l\000s}{subsection.7.4.1}% 112
\BOOKMARK [1][-]{section.7.5}{\376\377\000/\000U\000s\000e\000r\000s\000/\000a\000l\000l\000g\000o\000o\000d\0003\0008\000/\000D\000e\000s\000k\000t\000o\000p\000/\000q\000m\000a\000s\000t\000/\000s\000a\000i\000l\000c\000o\000d\000e\000\137\000a\000l\000p\000h\000a\0006\000/\000N\000a\000v\000i\000g\000a\000t\000i\000o\000n\000C\000o\000d\000e\000.\000p\000d\000e\000\040\000F\000i\000l\000e\000\040\000R\000e\000f\000e\000r\000e\000n\000c\000e}{chapter.7}% 113
\BOOKMARK [2][-]{subsection.7.5.1}{\376\377\000F\000u\000n\000c\000t\000i\000o\000n\000\040\000D\000o\000c\000u\000m\000e\000n\000t\000a\000t\000i\000o\000n}{section.7.5}% 114
\BOOKMARK [3][-]{subsubsection.7.5.1.1}{\376\377\000g\000e\000t\000C\000l\000o\000s\000e\000H\000a\000u\000l\000e\000d\000D\000i\000r\000n}{subsection.7.5.1}% 115
\BOOKMARK [3][-]{subsubsection.7.5.1.2}{\376\377\000g\000e\000t\000O\000p\000p\000o\000s\000i\000t\000e\000C\000l\000o\000s\000e\000H\000a\000u\000l\000e\000d\000D\000i\000r\000n}{subsection.7.5.1}% 116
\BOOKMARK [3][-]{subsubsection.7.5.1.3}{\376\377\000g\000e\000t\000W\000a\000y\000p\000o\000i\000n\000t\000D\000i\000r\000n}{subsection.7.5.1}% 117
\BOOKMARK [3][-]{subsubsection.7.5.1.4}{\376\377\000g\000e\000t\000W\000i\000n\000d\000D\000i\000r\000n}{subsection.7.5.1}% 118
\BOOKMARK [3][-]{subsubsection.7.5.1.5}{\376\377\000G\000P\000S\000d\000i\000s\000t\000a\000n\000c\000e}{subsection.7.5.1}% 119
\BOOKMARK [1][-]{section.7.6}{\376\377\000/\000U\000s\000e\000r\000s\000/\000a\000l\000l\000g\000o\000o\000d\0003\0008\000/\000D\000e\000s\000k\000t\000o\000p\000/\000q\000m\000a\000s\000t\000/\000s\000a\000i\000l\000c\000o\000d\000e\000\137\000a\000l\000p\000h\000a\0006\000/\000o\000l\000d\000t\000a\000c\000k\000.\000p\000d\000e\000\040\000F\000i\000l\000e\000\040\000R\000e\000f\000e\000r\000e\000n\000c\000e}{chapter.7}% 120
\BOOKMARK [2][-]{subsection.7.6.1}{\376\377\000F\000u\000n\000c\000t\000i\000o\000n\000\040\000D\000o\000c\000u\000m\000e\000n\000t\000a\000t\000i\000o\000n}{section.7.6}% 121
\BOOKMARK [3][-]{subsubsection.7.6.1.1}{\376\377\000g\000e\000t\000O\000u\000t\000o\000f\000I\000r\000o\000n\000s\000O\000l\000d}{subsection.7.6.1}% 122
\BOOKMARK [3][-]{subsubsection.7.6.1.2}{\376\377\000o\000l\000d\000t\000a\000c\000k}{subsection.7.6.1}% 123
\BOOKMARK [3][-]{subsubsection.7.6.1.3}{\376\377\000o\000l\000d\000t\000a\000c\000k\0002}{subsection.7.6.1}% 124
\BOOKMARK [1][-]{section.7.7}{\376\377\000/\000U\000s\000e\000r\000s\000/\000a\000l\000l\000g\000o\000o\000d\0003\0008\000/\000D\000e\000s\000k\000t\000o\000p\000/\000q\000m\000a\000s\000t\000/\000s\000a\000i\000l\000c\000o\000d\000e\000\137\000a\000l\000p\000h\000a\0006\000/\000P\000a\000r\000s\000i\000n\000g\000F\000u\000n\000c\000t\000i\000o\000n\000s\000.\000p\000d\000e\000\040\000F\000i\000l\000e\000\040\000R\000e\000f\000e\000r\000e\000n\000c\000e}{chapter.7}% 125
\BOOKMARK [2][-]{subsection.7.7.1}{\376\377\000F\000u\000n\000c\000t\000i\000o\000n\000\040\000D\000o\000c\000u\000m\000e\000n\000t\000a\000t\000i\000o\000n}{section.7.7}% 126
\BOOKMARK [3][-]{subsubsection.7.7.1.1}{\376\377\000D\000a\000t\000a\000V\000a\000l\000i\000d}{subsection.7.7.1}% 127
\BOOKMARK [3][-]{subsubsection.7.7.1.2}{\376\377\000P\000a\000r\000s\000e\000G\000P\000G\000L\000L}{subsection.7.7.1}% 128
\BOOKMARK [3][-]{subsubsection.7.7.1.3}{\376\377\000P\000a\000r\000s\000e\000r}{subsection.7.7.1}% 129
\BOOKMARK [1][-]{section.7.8}{\376\377\000/\000U\000s\000e\000r\000s\000/\000a\000l\000l\000g\000o\000o\000d\0003\0008\000/\000D\000e\000s\000k\000t\000o\000p\000/\000q\000m\000a\000s\000t\000/\000s\000a\000i\000l\000c\000o\000d\000e\000\137\000a\000l\000p\000h\000a\0006\000/\000s\000a\000i\000l\000c\000o\000d\000e\000\137\000a\000l\000p\000h\000a\0006\000.\000p\000d\000e\000\040\000F\000i\000l\000e\000\040\000R\000e\000f\000e\000r\000e\000n\000c\000e}{chapter.7}% 130
\BOOKMARK [2][-]{subsection.7.8.1}{\376\377\000F\000u\000n\000c\000t\000i\000o\000n\000\040\000D\000o\000c\000u\000m\000e\000n\000t\000a\000t\000i\000o\000n}{section.7.8}% 131
\BOOKMARK [3][-]{subsubsection.7.8.1.1}{\376\377\000l\000o\000o\000p}{subsection.7.8.1}% 132
\BOOKMARK [3][-]{subsubsection.7.8.1.2}{\376\377\000s\000e\000t\000u\000p}{subsection.7.8.1}% 133
\BOOKMARK [1][-]{section.7.9}{\376\377\000/\000U\000s\000e\000r\000s\000/\000a\000l\000l\000g\000o\000o\000d\0003\0008\000/\000D\000e\000s\000k\000t\000o\000p\000/\000q\000m\000a\000s\000t\000/\000s\000a\000i\000l\000c\000o\000d\000e\000\137\000a\000l\000p\000h\000a\0006\000/\000S\000a\000i\000l\000i\000n\000g\000L\000o\000g\000i\000c\000.\000p\000d\000e\000\040\000F\000i\000l\000e\000\040\000R\000e\000f\000e\000r\000e\000n\000c\000e}{chapter.7}% 134
\BOOKMARK [2][-]{subsection.7.9.1}{\376\377\000F\000u\000n\000c\000t\000i\000o\000n\000\040\000D\000o\000c\000u\000m\000e\000n\000t\000a\000t\000i\000o\000n}{section.7.9}% 135
\BOOKMARK [3][-]{subsubsection.7.9.1.1}{\376\377\000c\000h\000e\000c\000k\000T\000a\000c\000k}{subsection.7.9.1}% 136
\BOOKMARK [3][-]{subsubsection.7.9.1.2}{\376\377\000r\000u\000d\000d\000e\000r\000C\000o\000n\000t\000r\000o\000l}{subsection.7.9.1}% 137
\BOOKMARK [3][-]{subsubsection.7.9.1.3}{\376\377\000s\000a\000i\000l}{subsection.7.9.1}% 138
\BOOKMARK [3][-]{subsubsection.7.9.1.4}{\376\377\000s\000a\000i\000l\000C\000o\000n\000t\000r\000o\000l}{subsection.7.9.1}% 139
\BOOKMARK [3][-]{subsubsection.7.9.1.5}{\376\377\000s\000a\000i\000l\000C\000o\000u\000r\000s\000e}{subsection.7.9.1}% 140
\BOOKMARK [3][-]{subsubsection.7.9.1.6}{\376\377\000s\000a\000i\000l\000T\000o\000W\000a\000y\000p\000o\000i\000n\000t}{subsection.7.9.1}% 141
\BOOKMARK [1][-]{section.7.10}{\376\377\000/\000U\000s\000e\000r\000s\000/\000a\000l\000l\000g\000o\000o\000d\0003\0008\000/\000D\000e\000s\000k\000t\000o\000p\000/\000q\000m\000a\000s\000t\000/\000s\000a\000i\000l\000c\000o\000d\000e\000\137\000a\000l\000p\000h\000a\0006\000/\000S\000t\000a\000t\000i\000o\000n\000K\000e\000e\000p\000i\000n\000g\000.\000p\000d\000e\000\040\000F\000i\000l\000e\000\040\000R\000e\000f\000e\000r\000e\000n\000c\000e}{chapter.7}% 142
\BOOKMARK [2][-]{subsection.7.10.1}{\376\377\000F\000u\000n\000c\000t\000i\000o\000n\000\040\000D\000o\000c\000u\000m\000e\000n\000t\000a\000t\000i\000o\000n}{section.7.10}% 143
\BOOKMARK [3][-]{subsubsection.7.10.1.1}{\376\377\000f\000i\000l\000l\000S\000t\000a\000t\000i\000o\000n\000K\000e\000e\000p\000i\000n\000g\000W\000a\000y\000p\000o\000i\000n\000t\000s}{subsection.7.10.1}% 144
\BOOKMARK [3][-]{subsubsection.7.10.1.2}{\376\377\000g\000e\000t\000S\000t\000a\000t\000i\000o\000n\000K\000e\000e\000p\000i\000n\000g\000C\000e\000n\000t\000r\000e}{subsection.7.10.1}% 145
\BOOKMARK [3][-]{subsubsection.7.10.1.3}{\376\377\000s\000t\000a\000t\000i\000o\000n\000K\000e\000e\000p}{subsection.7.10.1}% 146
\BOOKMARK [3][-]{subsubsection.7.10.1.4}{\376\377\000s\000t\000a\000t\000i\000o\000n\000K\000e\000e\000p\000S\000i\000n\000g\000l\000e\000P\000o\000i\000n\000t}{subsection.7.10.1}% 147
\BOOKMARK [1][-]{section.7.11}{\376\377\000/\000U\000s\000e\000r\000s\000/\000a\000l\000l\000g\000o\000o\000d\0003\0008\000/\000D\000e\000s\000k\000t\000o\000p\000/\000q\000m\000a\000s\000t\000/\000s\000a\000i\000l\000c\000o\000d\000e\000\137\000a\000l\000p\000h\000a\0006\000/\000T\000a\000c\000k\000.\000p\000d\000e\000\040\000F\000i\000l\000e\000\040\000R\000e\000f\000e\000r\000e\000n\000c\000e}{chapter.7}% 148
\BOOKMARK [2][-]{subsection.7.11.1}{\376\377\000F\000u\000n\000c\000t\000i\000o\000n\000\040\000D\000o\000c\000u\000m\000e\000n\000t\000a\000t\000i\000o\000n}{section.7.11}% 149
\BOOKMARK [3][-]{subsubsection.7.11.1.1}{\376\377\000g\000e\000t\000O\000u\000t\000o\000f\000I\000r\000o\000n\000s}{subsection.7.11.1}% 150
\BOOKMARK [3][-]{subsubsection.7.11.1.2}{\376\377\000t\000a\000c\000k}{subsection.7.11.1}% 151
\BOOKMARK [1][-]{section.7.12}{\376\377\000/\000U\000s\000e\000r\000s\000/\000a\000l\000l\000g\000o\000o\000d\0003\0008\000/\000D\000e\000s\000k\000t\000o\000p\000/\000q\000m\000a\000s\000t\000/\000s\000a\000i\000l\000c\000o\000d\000e\000\137\000a\000l\000p\000h\000a\0006\000/\000T\000e\000s\000t\000i\000n\000g\000\137\000F\000u\000n\000c\000t\000i\000o\000n\000s\000.\000p\000d\000e\000\040\000F\000i\000l\000e\000\040\000R\000e\000f\000e\000r\000e\000n\000c\000e}{chapter.7}% 152
\BOOKMARK [1][-]{section.7.13}{\376\377\000/\000U\000s\000e\000r\000s\000/\000a\000l\000l\000g\000o\000o\000d\0003\0008\000/\000D\000e\000s\000k\000t\000o\000p\000/\000q\000m\000a\000s\000t\000/\000s\000a\000i\000l\000c\000o\000d\000e\000\137\000a\000l\000p\000h\000a\0006\000/\000T\000r\000a\000n\000s\000m\000i\000t\000.\000p\000d\000e\000\040\000F\000i\000l\000e\000\040\000R\000e\000f\000e\000r\000e\000n\000c\000e}{chapter.7}% 153
\BOOKMARK [2][-]{subsection.7.13.1}{\376\377\000F\000u\000n\000c\000t\000i\000o\000n\000\040\000D\000o\000c\000u\000m\000e\000n\000t\000a\000t\000i\000o\000n}{section.7.13}% 154
\BOOKMARK [3][-]{subsubsection.7.13.1.1}{\376\377\000r\000e\000l\000a\000y\000D\000a\000t\000a}{subsection.7.13.1}% 155
\BOOKMARK [3][-]{subsubsection.7.13.1.2}{\376\377\000t\000r\000a\000n\000s\000m\000i\000t}{subsection.7.13.1}% 156
\BOOKMARK [1][-]{section.7.14}{\376\377\000/\000U\000s\000e\000r\000s\000/\000a\000l\000l\000g\000o\000o\000d\0003\0008\000/\000D\000e\000s\000k\000t\000o\000p\000/\000q\000m\000a\000s\000t\000/\000s\000a\000i\000l\000c\000o\000d\000e\000\137\000a\000l\000p\000h\000a\0006\000/\000U\000t\000i\000l\000i\000t\000i\000e\000s\000.\000p\000d\000e\000\040\000F\000i\000l\000e\000\040\000R\000e\000f\000e\000r\000e\000n\000c\000e}{chapter.7}% 157
\BOOKMARK [2][-]{subsection.7.14.1}{\376\377\000F\000u\000n\000c\000t\000i\000o\000n\000\040\000D\000o\000c\000u\000m\000e\000n\000t\000a\000t\000i\000o\000n}{section.7.14}% 158
\BOOKMARK [3][-]{subsubsection.7.14.1.1}{\376\377\000b\000e\000t\000w\000e\000e\000n}{subsection.7.14.1}% 159
\BOOKMARK [3][-]{subsubsection.7.14.1.2}{\376\377\000c\000o\000n\000v\000e\000r\000t\000A\000S\000C\000I\000I\000t\000o\000H\000e\000x}{subsection.7.14.1}% 160
\BOOKMARK [3][-]{subsubsection.7.14.1.3}{\376\377\000d\000e\000g\000r\000e\000e\000s\000T\000o\000R\000a\000d\000i\000a\000n\000s}{subsection.7.14.1}% 161
\BOOKMARK [3][-]{subsubsection.7.14.1.4}{\376\377\000r\000a\000d\000i\000a\000n\000s\000T\000o\000D\000e\000g\000r\000e\000e\000s}{subsection.7.14.1}% 162
